<?xml version="1.0" encoding="UTF-8"?>
<!-- Generated by org.testng.reporters.JUnitReportReporter -->
<testsuite hostname="DESKTOP-M43AUF8" failures="0" tests="1" name="com.qa.testcases.SalesOrder_ContactCentre" time="1204.736" errors="0" timestamp="28 Jun 2021 14:01:06 GMT" skipped="0">
  <testcase classname="com.qa.testcases.SalesOrder_ContactCentre" name="so_Creation_Trade_Centre" time="1204.736"/>
</testsuite> <!-- com.qa.testcases.SalesOrder_ContactCentre -->
