<?xml version="1.0" encoding="UTF-8"?>
<!-- Generated by org.testng.reporters.JUnitReportReporter -->
<testsuite hostname="DESKTOP-M43AUF8" failures="0" tests="1" name="com.qa.testcases.SalesOrder_ContactCentre" time="164.932" errors="0" timestamp="23 Jun 2021 17:29:54 GMT" skipped="0">
  <testcase classname="com.qa.testcases.SalesOrder_ContactCentre" name="so_Creation_Contact_Centre" time="164.932"/>
</testsuite> <!-- com.qa.testcases.SalesOrder_ContactCentre -->
