<?xml version="1.0" encoding="UTF-8"?>
<!-- Generated by org.testng.reporters.JUnitReportReporter -->
<testsuite hostname="DESKTOP-M43AUF8" failures="0" tests="1" name="com.qa.testcases.SalesOrder_ContactCentre" time="1383.509" errors="0" timestamp="29 Jun 2021 18:32:52 GMT" skipped="0">
  <testcase classname="com.qa.testcases.SalesOrder_ContactCentre" name="so_Creation_Return" time="1383.509"/>
</testsuite> <!-- com.qa.testcases.SalesOrder_ContactCentre -->
