<?xml version="1.0" encoding="UTF-8"?>
<!-- Generated by org.testng.reporters.JUnitReportReporter -->
<testsuite hostname="DESKTOP-M43AUF8" failures="0" tests="1" name="com.qa.testcases.SalesOrder_ContactCentre" time="196.396" errors="0" timestamp="22 Jun 2021 15:14:02 GMT" skipped="0">
  <testcase classname="com.qa.testcases.SalesOrder_ContactCentre" name="so_Creation_Contact_Centre" time="196.396"/>
</testsuite> <!-- com.qa.testcases.SalesOrder_ContactCentre -->
